D:\WORK\2061 Cad Standards Architect\Work\Draft Titleblock 28.6.13.dwg,A0,02/07/2013 12:14:35,Owner,DWG To PDF.pc3,ISO expand A0 (841.00 x 1189.00 MM),1:1,
D:\WORK\2061 Cad Standards Architect\Work\Draft Titleblock 28.6.13.dwg,A0,02/07/2013 12:16:59,Owner,DWG To PDF.pc3,ISO expand A0 (841.00 x 1189.00 MM),1:1,
D:\WORK\2061 Cad Standards Architect\Work\Draft Titleblock 28.6.13.dwg,A0,02/07/2013 12:22:40,Owner,DWG To PDF.pc3,ISO expand A0 (841.00 x 1189.00 MM),1:1,
D:\WORK\2061 Cad Standards Architect\Work\Draft Titleblock 28.6.13.dwg,A0,02/07/2013 12:23:30,Owner,DWG To PDF.pc3,ISO expand A0 (841.00 x 1189.00 MM),1:1,
D:\WORK\2061 Cad Standards Architect\Work\Draft Titleblock 28.6.13.dwg,A0,02/07/2013 12:27:15,Owner,DWG To PDF.pc3,ISO expand A0 (841.00 x 1189.00 MM),1:1,
D:\WORK\2061 Cad Standards Architect\Work\Draft Titleblock 28.6.13.dwg,A0,02/07/2013 12:28:37,Owner,DWG To PDF.pc3,ISO expand A0 (841.00 x 1189.00 MM),1:1,
D:\WORK\2061 Cad Standards Architect\Work\Draft Titleblock 28.6.13.dwg,A0,02/07/2013 12:35:16,Owner,DWG To PDF.pc3,ISO expand A0 (841.00 x 1189.00 MM),1:1,
D:\WORK\2061 Cad Standards Architect\Work\Draft Titleblock 28.6.13.dwg,A0,02/07/2013 19:14:15,Owner,DWG To PDF.pc3,ISO expand A0 (841.00 x 1189.00 MM),1:1,
D:\WORK\2061 Cad Standards Architect\Work\Draft Titleblock 28.6.13.dwg,A0,02/07/2013 19:16:01,Owner,DWG To PDF.pc3,ISO expand A0 (841.00 x 1189.00 MM),1:1,
D:\WORK\2061 Cad Standards Architect\Work\Draft Titleblock 28.6.13.dwg,A0,02/07/2013 19:19:45,Owner,DWG To PDF.pc3,ISO expand A0 (841.00 x 1189.00 MM),1:1,
D:\WORK\2065 Cable tensioning\Work\NOSEAL.dwg,Layout1,03/07/2013 22:44:23,Owner,DWG To PDF.pc3,ISO full bleed A3 (420.00 x 297.00 MM),1:1,
D:\WORK\2061 Cad Standards Architect\Work\Draft Titleblock 28.6.13.dwg,A0,04/07/2013 13:22:05,Owner,DWG To PDF.pc3,ISO expand A0 (841.00 x 1189.00 MM),1:1,
D:\WORK\2061 Cad Standards Architect\Work\Draft Titleblock 28.6.13.dwg,A0,04/07/2013 13:24:01,Owner,DWG To PDF.pc3,ISO expand A0 (841.00 x 1189.00 MM),1:1,
D:\WORK\2061 Cad Standards Architect\Work\Draft Titleblock 28.6.13.dwg,A0,04/07/2013 13:25:21,Owner,DWG To PDF.pc3,ISO expand A0 (841.00 x 1189.00 MM),1:1,
D:\WORK\2061 Cad Standards Architect\Work\Draft Titleblock 28.6.13.dwg,A0,04/07/2013 13:27:34,Owner,DWG To PDF.pc3,ISO expand A0 (841.00 x 1189.00 MM),1:1,
D:\WORK\2061 Cad Standards Architect\Work\Draft Titleblock 28.6.13.dwg,A0,04/07/2013 13:29:01,Owner,DWG To PDF.pc3,ISO expand A0 (841.00 x 1189.00 MM),1:1,
D:\WORK\2061 Cad Standards Architect\Work\Draft Titleblock 28.6.13.dwg,A0,04/07/2013 13:30:40,Owner,DWG To PDF.pc3,ISO expand A0 (841.00 x 1189.00 MM),1:1,
D:\WORK\2061 Cad Standards Architect\Work\Draft Titleblock 28.6.13.dwg,A0,04/07/2013 13:32:33,Owner,DWG To PDF.pc3,ISO expand A0 (841.00 x 1189.00 MM),1:1,
D:\WORK\2061 Cad Standards Architect\Work\Draft Titleblock 28.6.13.dwg,A0,04/07/2013 13:36:58,Owner,DWG To PDF.pc3,ISO expand A0 (841.00 x 1189.00 MM),1:1,
D:\WORK\2061 Cad Standards Architect\Received\R3\TPA_Titleblock1.dwg,Layout1,04/07/2013 13:41:15,Owner,DWG To PDF.pc3,ISO expand A1 (841.00 x 594.00 MM),1:1,
D:\WORK\2061 Cad Standards Architect\Work\Draft Titleblock 28.6.13.dwg,A0,04/07/2013 13:50:24,Owner,DWG To PDF.pc3,ISO expand A0 (841.00 x 1189.00 MM),1:1,
D:\WORK\2061 Cad Standards Architect\Work\Draft Titleblock 28.6.13.dwg,A0,04/07/2013 13:54:46,Owner,DWG To PDF.pc3,ISO expand A0 (841.00 x 1189.00 MM),1:1,
D:\WORK\2061 Cad Standards Architect\Received\R3\TPA_modifiedTitleblock.dwg,Layout1,04/07/2013 14:04:52,Owner,DWG To PDF.pc3,ISO expand A1 (841.00 x 594.00 MM),1:1,
D:\WORK\2061 Cad Standards Architect\Work\Draft Titleblock 28.6.13.dwg,A0,04/07/2013 14:54:39,Owner,DWG To PDF.pc3,ISO expand A0 (841.00 x 1189.00 MM),1:1,
D:\WORK\2061 Cad Standards Architect\Work\Draft Titleblock 28.6.13.dwg,A0,04/07/2013 14:59:08,Owner,DWG To PDF.pc3,ISO expand A0 (841.00 x 1189.00 MM),1:1,
D:\WORK\2061 Cad Standards Architect\Work\Draft Titleblock 28.6.13.dwg,A0,04/07/2013 14:59:41,Owner,DWG To PDF.pc3,ISO A1 (594.00 x 841.00 MM),1:1,
D:\WORK\2061 Cad Standards Architect\Work\Draft Titleblock 28.6.13.dwg,A0,04/07/2013 15:06:38,Owner,DWG To PDF.pc3,ISO A1 (594.00 x 841.00 MM),1:1,
D:\WORK\2061 Cad Standards Architect\Work\Draft Titleblock 28.6.13.dwg,A0,04/07/2013 15:13:19,Owner,DWG To PDF.pc3,ISO A1 (594.00 x 841.00 MM),1:1,
D:\WORK\2061 Cad Standards Architect\Work\Draft Titleblock 28.6.13.dwg,A0,04/07/2013 15:23:19,Owner,DWG To PDF.pc3,ISO expand A0 (841.00 x 1189.00 MM),1:1,
D:\WORK\2061 Cad Standards Architect\Work\Draft Titleblock 27.8.13.dwg,Symbols A0,13/09/2013 13:32:19,Owner,DWG To PDF.pc3,ARCH E (36.00 x 48.00 Inches),1:25.4,
D:\WORK\2061 Cad Standards Architect\Work\Draft Titleblock 27.8.13.dwg,SymbolsA1,13/09/2013 13:32:31,Owner,DWG To PDF.pc3,ARCH expand D (24.00 x 36.00 Inches),1:25.4,
D:\WORK\2061 Cad Standards Architect\Work\Draft Titleblock 27.8.13.dwg,Symbols A2-1,13/09/2013 13:32:41,Owner,DWG To PDF.pc3,ARCH expand C (24.00 x 18.00 Inches),1:25.4,
D:\WORK\2061 Cad Standards Architect\Work\Draft Titleblock 27.8.13.dwg,Symbols A2-2,13/09/2013 13:32:51,Owner,DWG To PDF.pc3,ARCH expand C (24.00 x 18.00 Inches),1:25.4,
D:\WORK\2061 Cad Standards Architect\Work\Draft Titleblock 27.8.13.dwg,Symbols A2-3,13/09/2013 13:33:01,Owner,DWG To PDF.pc3,ARCH expand C (24.00 x 18.00 Inches),1:25.4,
D:\WORK\2061 Cad Standards Architect\Work\Draft Titleblock 27.8.13.dwg,Symbols A3-1,13/09/2013 13:33:11,Owner,DWG To PDF.pc3,ISO A3 (420.00 x 297.00 MM),1:1,
D:\WORK\2061 Cad Standards Architect\Work\Draft Titleblock 27.8.13.dwg,Symbols A3-2,13/09/2013 13:33:21,Owner,DWG To PDF.pc3,ISO A3 (420.00 x 297.00 MM),1:1,
D:\WORK\2061 Cad Standards Architect\Work\Draft Titleblock 27.8.13.dwg,Symbols A3-3,13/09/2013 13:33:31,Owner,DWG To PDF.pc3,ISO A3 (420.00 x 297.00 MM),1:1,
D:\WORK\2061 Cad Standards Architect\Work\Draft Titleblock 27.8.13.dwg,Symbols A3-4,13/09/2013 13:33:41,Owner,DWG To PDF.pc3,ISO A3 (420.00 x 297.00 MM),1:1,
D:\WORK\2061 Cad Standards Architect\Work\Draft Titleblock 27.8.13.dwg,Symbols A3-5,13/09/2013 13:33:51,Owner,DWG To PDF.pc3,ISO A3 (420.00 x 297.00 MM),1:1,
D:\WORK\2061 Cad Standards Architect\Work\TPA Metric.dwg,Cover Sheet A0,23/10/2013 10:51:36,Owner,DWG To PDF.pc3,ARCH E (36.00 x 48.00 Inches),1:25.4,
D:\WORK\2061 Cad Standards Architect\Work\TPA Metric.dwg,Cover Sheet A1,23/10/2013 10:51:44,Owner,DWG To PDF.pc3,ARCH expand D (24.00 x 36.00 Inches),1:25.4,
D:\WORK\2061 Cad Standards Architect\Work\TPA Metric.dwg,Cover Sheet A2,23/10/2013 10:51:54,Owner,DWG To PDF.pc3,ARCH expand C (24.00 x 18.00 Inches),1:25.4,
D:\WORK\2061 Cad Standards Architect\Work\TPA Metric.dwg,Cover Sheet A3,23/10/2013 10:52:04,Owner,DWG To PDF.pc3,ISO A3 (420.00 x 297.00 MM),1:1,
D:\WORK\2061 Cad Standards Architect\Work\TPA Metric.dwg,A0,23/10/2013 10:52:14,Owner,DWG To PDF.pc3,ARCH E (36.00 x 48.00 Inches),1:25.4,
D:\WORK\2061 Cad Standards Architect\Work\TPA Metric.dwg,A1,23/10/2013 10:52:24,Owner,DWG To PDF.pc3,ARCH expand D (24.00 x 36.00 Inches),1:25.4,
D:\WORK\2061 Cad Standards Architect\Work\TPA Metric.dwg,A2,23/10/2013 10:52:34,Owner,DWG To PDF.pc3,ARCH expand C (24.00 x 18.00 Inches),1:25.4,
D:\WORK\2061 Cad Standards Architect\Work\TPA Metric.dwg,A3,23/10/2013 10:52:44,Owner,DWG To PDF.pc3,ISO A3 (420.00 x 297.00 MM),1:1,
D:\WORK\2061 Cad Standards Architect\Work\TPA Metric.dwg,Presentation A0,23/10/2013 10:52:54,Owner,DWG To PDF.pc3,ARCH E (36.00 x 48.00 Inches),1:25.4,
D:\WORK\2061 Cad Standards Architect\Work\TPA Metric.dwg,Presentation A1,23/10/2013 10:53:04,Owner,DWG To PDF.pc3,ARCH expand D (24.00 x 36.00 Inches),1:25.4,
D:\WORK\2061 Cad Standards Architect\Work\TPA Metric.dwg,Presentation A2,23/10/2013 10:53:14,Owner,DWG To PDF.pc3,ARCH expand C (24.00 x 18.00 Inches),1:25.4,
D:\WORK\2061 Cad Standards Architect\Work\TPA Metric.dwg,Presentation A3,23/10/2013 10:53:24,Owner,DWG To PDF.pc3,ISO A3 (420.00 x 297.00 MM),1:1,
D:\WORK\2061 Cad Standards Architect\Work\TPA Metric.dwg,Symbols A0,23/10/2013 10:53:34,Owner,DWG To PDF.pc3,ARCH E (36.00 x 48.00 Inches),1:25.4,
D:\WORK\2061 Cad Standards Architect\Work\TPA Metric.dwg,Symbols A1,23/10/2013 10:53:44,Owner,DWG To PDF.pc3,ARCH expand D (24.00 x 36.00 Inches),1:25.4,
D:\WORK\2061 Cad Standards Architect\Work\TPA Metric.dwg,Symbols A2-1,23/10/2013 10:53:54,Owner,DWG To PDF.pc3,ARCH expand C (24.00 x 18.00 Inches),1:25.4,
D:\WORK\2061 Cad Standards Architect\Work\TPA Metric.dwg,Symbols A2-2,23/10/2013 10:54:04,Owner,DWG To PDF.pc3,ARCH expand C (24.00 x 18.00 Inches),1:25.4,
D:\WORK\2061 Cad Standards Architect\Work\TPA Metric.dwg,Symbols A2-3,23/10/2013 10:54:14,Owner,DWG To PDF.pc3,ARCH expand C (24.00 x 18.00 Inches),1:25.4,
D:\WORK\2061 Cad Standards Architect\Work\TPA Metric.dwg,Symbols A3-1,23/10/2013 10:54:24,Owner,DWG To PDF.pc3,ISO A3 (420.00 x 297.00 MM),1:1,
D:\WORK\2061 Cad Standards Architect\Work\TPA Metric.dwg,Symbols A3-2,23/10/2013 10:54:34,Owner,DWG To PDF.pc3,ISO A3 (420.00 x 297.00 MM),1:1,
D:\WORK\2061 Cad Standards Architect\Work\TPA Metric.dwg,Symbols A3-3,23/10/2013 10:54:44,Owner,DWG To PDF.pc3,ISO A3 (420.00 x 297.00 MM),1:1,
D:\WORK\2061 Cad Standards Architect\Work\TPA Metric.dwg,Symbols A3-4,23/10/2013 10:54:54,Owner,DWG To PDF.pc3,ISO A3 (420.00 x 297.00 MM),1:1,
D:\WORK\2061 Cad Standards Architect\Work\TPA Metric.dwg,Symbols A3-5,23/10/2013 10:55:04,Owner,DWG To PDF.pc3,ISO A3 (420.00 x 297.00 MM),1:1,
D:\WORK\2061 Cad Standards Architect\Work\TPA Metric.dwg,Presentation A0,23/10/2013 10:58:11,Owner,DWG To PDF.pc3,ARCH E (36.00 x 48.00 Inches),1:25.4,
D:\WORK\2061 Cad Standards Architect\Work\TPA Metric.dwg,Presentation A1,23/10/2013 10:58:21,Owner,DWG To PDF.pc3,ARCH expand D (24.00 x 36.00 Inches),1:25.4,
D:\WORK\2061 Cad Standards Architect\Work\TPA Metric.dwg,Presentation A2,23/10/2013 10:58:31,Owner,DWG To PDF.pc3,ARCH expand C (24.00 x 18.00 Inches),1:25.4,
D:\WORK\2061 Cad Standards Architect\Work\TPA Metric.dwg,Presentation A3,23/10/2013 10:58:41,Owner,DWG To PDF.pc3,ISO A3 (420.00 x 297.00 MM),1:1,
D:\WORK\2061 Cad Standards Architect\Work\TPA Metric.dwg,Presentation A0,23/10/2013 11:04:51,Owner,DWG To PDF.pc3,ARCH E (36.00 x 48.00 Inches),1:25.4,
D:\WORK\2061 Cad Standards Architect\Work\TPA Metric.dwg,Presentation A1,23/10/2013 11:05:00,Owner,DWG To PDF.pc3,ARCH expand D (24.00 x 36.00 Inches),1:25.4,
D:\WORK\2061 Cad Standards Architect\Work\TPA Metric.dwg,Presentation A2,23/10/2013 11:05:10,Owner,DWG To PDF.pc3,ARCH expand C (24.00 x 18.00 Inches),1:25.4,
D:\WORK\2061 Cad Standards Architect\Work\TPA Metric.dwg,Presentation A3,23/10/2013 11:05:20,Owner,DWG To PDF.pc3,ISO A3 (420.00 x 297.00 MM),1:1,
D:\WORK\2061 Cad Standards Architect\Work\TPA Metric.dwg,Cover Sheet A0,23/10/2013 11:27:08,Owner,DWG To PDF.pc3,ARCH E (36.00 x 48.00 Inches),1:25.4,
D:\WORK\2061 Cad Standards Architect\Work\TPA Metric.dwg,Cover Sheet A1,23/10/2013 11:27:17,Owner,DWG To PDF.pc3,ARCH expand D (24.00 x 36.00 Inches),1:25.4,
D:\WORK\2061 Cad Standards Architect\Work\TPA Metric.dwg,Cover Sheet A2,23/10/2013 11:27:27,Owner,DWG To PDF.pc3,ARCH expand C (24.00 x 18.00 Inches),1:25.4,
D:\WORK\2061 Cad Standards Architect\Work\TPA Metric.dwg,Cover Sheet A3,23/10/2013 11:27:37,Owner,DWG To PDF.pc3,ISO A3 (420.00 x 297.00 MM),1:1,
D:\WORK\2061 Cad Standards Architect\Work\TPA Metric.dwg,A0,23/10/2013 11:27:47,Owner,DWG To PDF.pc3,ARCH E (36.00 x 48.00 Inches),1:25.4,
D:\WORK\2061 Cad Standards Architect\Work\TPA Metric.dwg,A1,23/10/2013 11:27:57,Owner,DWG To PDF.pc3,ARCH expand D (24.00 x 36.00 Inches),1:25.4,
D:\WORK\2061 Cad Standards Architect\Work\TPA Metric.dwg,A2,23/10/2013 11:28:07,Owner,DWG To PDF.pc3,ARCH expand C (24.00 x 18.00 Inches),1:25.4,
D:\WORK\2061 Cad Standards Architect\Work\TPA Metric.dwg,A3,23/10/2013 11:28:17,Owner,DWG To PDF.pc3,ISO A3 (420.00 x 297.00 MM),1:1,
D:\WORK\2061 Cad Standards Architect\Work\TPA Metric.dwg,Presentation A0,23/10/2013 11:28:27,Owner,DWG To PDF.pc3,ARCH E (36.00 x 48.00 Inches),1:25.4,
D:\WORK\2061 Cad Standards Architect\Work\TPA Metric.dwg,Presentation A1,23/10/2013 11:28:37,Owner,DWG To PDF.pc3,ARCH expand D (24.00 x 36.00 Inches),1:25.4,
D:\WORK\2061 Cad Standards Architect\Work\TPA Metric.dwg,Presentation A2,23/10/2013 11:28:47,Owner,DWG To PDF.pc3,ARCH expand C (24.00 x 18.00 Inches),1:25.4,
D:\WORK\2061 Cad Standards Architect\Work\TPA Metric.dwg,Presentation A3,23/10/2013 11:28:57,Owner,DWG To PDF.pc3,ISO A3 (420.00 x 297.00 MM),1:1,
D:\WORK\2061 Cad Standards Architect\Work\TPA Metric.dwg,Symbols A0,23/10/2013 11:29:07,Owner,DWG To PDF.pc3,ARCH E (36.00 x 48.00 Inches),1:25.4,
D:\WORK\2061 Cad Standards Architect\Work\TPA Metric.dwg,Symbols A1,23/10/2013 11:29:17,Owner,DWG To PDF.pc3,ARCH expand D (24.00 x 36.00 Inches),1:25.4,
D:\WORK\2061 Cad Standards Architect\Work\TPA Metric.dwg,Symbols A2-1,23/10/2013 11:29:27,Owner,DWG To PDF.pc3,ARCH expand C (24.00 x 18.00 Inches),1:25.4,
D:\WORK\2061 Cad Standards Architect\Work\TPA Metric.dwg,Symbols A2-2,23/10/2013 11:29:37,Owner,DWG To PDF.pc3,ARCH expand C (24.00 x 18.00 Inches),1:25.4,
D:\WORK\2061 Cad Standards Architect\Work\TPA Metric.dwg,Symbols A2-3,23/10/2013 11:29:47,Owner,DWG To PDF.pc3,ARCH expand C (24.00 x 18.00 Inches),1:25.4,
D:\WORK\2061 Cad Standards Architect\Work\TPA Metric.dwg,Symbols A3-1,23/10/2013 11:29:57,Owner,DWG To PDF.pc3,ISO A3 (420.00 x 297.00 MM),1:1,
D:\WORK\2061 Cad Standards Architect\Work\TPA Metric.dwg,Symbols A3-2,23/10/2013 11:30:07,Owner,DWG To PDF.pc3,ISO A3 (420.00 x 297.00 MM),1:1,
D:\WORK\2061 Cad Standards Architect\Work\TPA Metric.dwg,Symbols A3-3,23/10/2013 11:30:17,Owner,DWG To PDF.pc3,ISO A3 (420.00 x 297.00 MM),1:1,
D:\WORK\2061 Cad Standards Architect\Work\TPA Metric.dwg,Symbols A3-4,23/10/2013 11:30:27,Owner,DWG To PDF.pc3,ISO A3 (420.00 x 297.00 MM),1:1,
D:\WORK\2061 Cad Standards Architect\Work\TPA Metric.dwg,Symbols A3-5,23/10/2013 11:30:37,Owner,DWG To PDF.pc3,ISO A3 (420.00 x 297.00 MM),1:1,
D:\WORK\2061 Cad Standards Architect\Work\TPA Imperial.dwg,Cover Sheet A0,23/10/2013 11:30:48,Owner,DWG To PDF.pc3,ARCH expand E (36.00 x 48.00 Inches),1:1,
D:\WORK\2061 Cad Standards Architect\Work\TPA Imperial.dwg,Cover Sheet A1,23/10/2013 11:30:57,Owner,DWG To PDF.pc3,ARCH expand D (24.00 x 36.00 Inches),1:1,
D:\WORK\2061 Cad Standards Architect\Work\TPA Imperial.dwg,Cover Sheet A2,23/10/2013 11:31:07,Owner,DWG To PDF.pc3,ARCH expand C (24.00 x 18.00 Inches),1:1,
D:\WORK\2061 Cad Standards Architect\Work\TPA Imperial.dwg,Cover Sheet A3,23/10/2013 11:31:17,Owner,DWG To PDF.pc3,ANSI expand B (11.00 x 17.00 Inches),1:1,
D:\WORK\2061 Cad Standards Architect\Work\TPA Imperial.dwg,A0,23/10/2013 11:31:27,Owner,DWG To PDF.pc3,ARCH expand E (36.00 x 48.00 Inches),1:1,
D:\WORK\2061 Cad Standards Architect\Work\TPA Imperial.dwg,A1,23/10/2013 11:31:37,Owner,DWG To PDF.pc3,ARCH expand D (24.00 x 36.00 Inches),1:1,
D:\WORK\2061 Cad Standards Architect\Work\TPA Imperial.dwg,A2,23/10/2013 11:31:47,Owner,DWG To PDF.pc3,ARCH expand C (24.00 x 18.00 Inches),1:1,
D:\WORK\2061 Cad Standards Architect\Work\TPA Imperial.dwg,A3,23/10/2013 11:31:57,Owner,DWG To PDF.pc3,ANSI expand B (11.00 x 17.00 Inches),1:1,
D:\WORK\2061 Cad Standards Architect\Work\TPA Imperial.dwg,Presentation A0,23/10/2013 11:32:07,Owner,DWG To PDF.pc3,ARCH expand E (36.00 x 48.00 Inches),1:1,
D:\WORK\2061 Cad Standards Architect\Work\TPA Imperial.dwg,Presentation A1,23/10/2013 11:32:17,Owner,DWG To PDF.pc3,ARCH expand D (24.00 x 36.00 Inches),1:1,
D:\WORK\2061 Cad Standards Architect\Work\TPA Imperial.dwg,Presentation A2,23/10/2013 11:32:27,Owner,DWG To PDF.pc3,ARCH expand C (24.00 x 18.00 Inches),1:1,
D:\WORK\2061 Cad Standards Architect\Work\TPA Imperial.dwg,Presentation A3,23/10/2013 11:32:37,Owner,DWG To PDF.pc3,ANSI expand B (11.00 x 17.00 Inches),1:1,
D:\WORK\2061 Cad Standards Architect\Work\TPA Imperial.dwg,Symbols A0,23/10/2013 11:32:47,Owner,DWG To PDF.pc3,ARCH expand E (36.00 x 48.00 Inches),1:1,
D:\WORK\2061 Cad Standards Architect\Work\TPA Imperial.dwg,Symbols A1,23/10/2013 11:32:57,Owner,DWG To PDF.pc3,ARCH expand D (24.00 x 36.00 Inches),1:1,
D:\WORK\2061 Cad Standards Architect\Work\TPA Imperial.dwg,Symbols A2-1,23/10/2013 11:33:07,Owner,DWG To PDF.pc3,ARCH expand C (24.00 x 18.00 Inches),1:1,
D:\WORK\2061 Cad Standards Architect\Work\TPA Imperial.dwg,Symbols A2-2,23/10/2013 11:33:17,Owner,DWG To PDF.pc3,ARCH expand C (24.00 x 18.00 Inches),1:1,
D:\WORK\2061 Cad Standards Architect\Work\TPA Imperial.dwg,Symbols A2-3,23/10/2013 11:33:27,Owner,DWG To PDF.pc3,ARCH expand C (24.00 x 18.00 Inches),1:1,
D:\WORK\2061 Cad Standards Architect\Work\TPA Imperial.dwg,Symbols A3-1,23/10/2013 11:33:37,Owner,DWG To PDF.pc3,ANSI expand B (11.00 x 17.00 Inches),1:1,
D:\WORK\2061 Cad Standards Architect\Work\TPA Imperial.dwg,Symbols A3-2,23/10/2013 11:33:47,Owner,DWG To PDF.pc3,ANSI expand B (11.00 x 17.00 Inches),1:1,
D:\WORK\2061 Cad Standards Architect\Work\TPA Imperial.dwg,Symbols A3-3,23/10/2013 11:33:57,Owner,DWG To PDF.pc3,ANSI expand B (11.00 x 17.00 Inches),1:1,
D:\WORK\2061 Cad Standards Architect\Work\TPA Imperial.dwg,Symbols A3-4,23/10/2013 11:34:07,Owner,DWG To PDF.pc3,ANSI expand B (11.00 x 17.00 Inches),1:1,
D:\WORK\2061 Cad Standards Architect\Work\TPA Imperial.dwg,Symbols A3-5,23/10/2013 11:34:17,Owner,DWG To PDF.pc3,ANSI expand B (11.00 x 17.00 Inches),1:1,
